0 info it worked if it ends with ok
1 verbose cli [ 'C:\\Program Files\\nodejs\\node.exe',
1 verbose cli   'C:\\ProgramData\\chocolatey\\lib\\npm\\tools\\node_modules\\npm\\bin\\npm-cli.js',
1 verbose cli   'install',
1 verbose cli   'htop' ]
2 info using npm@1.4.9
3 info using node@v7.5.0
4 verbose cache add [ 'htop', null ]
5 verbose cache add name=undefined spec="htop" args=["htop",null]
6 verbose parsed url Url {
6 verbose parsed url   protocol: null,
6 verbose parsed url   slashes: null,
6 verbose parsed url   auth: null,
6 verbose parsed url   host: null,
6 verbose parsed url   port: null,
6 verbose parsed url   hostname: null,
6 verbose parsed url   hash: null,
6 verbose parsed url   search: null,
6 verbose parsed url   query: null,
6 verbose parsed url   pathname: 'htop',
6 verbose parsed url   path: 'htop',
6 verbose parsed url   href: 'htop' }
7 silly lockFile 33c82da5-htop htop
8 verbose lock htop C:\Users\Vic&Boris\AppData\Roaming\npm-cache\33c82da5-htop.lock
9 silly lockFile 33c82da5-htop htop
10 silly lockFile 33c82da5-htop htop
11 verbose addNamed [ 'htop', '' ]
12 verbose addNamed [ null, '*' ]
13 silly lockFile fdf67c2b-htop htop@
14 verbose lock htop@ C:\Users\Vic&Boris\AppData\Roaming\npm-cache\fdf67c2b-htop.lock
15 silly addNameRange { name: 'htop', range: '*', hasData: false }
16 verbose url raw htop
17 verbose url resolving [ 'https://registry.npmjs.org/', './htop' ]
18 verbose url resolved https://registry.npmjs.org/htop
19 info trying registry request attempt 1 at 15:01:45
20 http GET https://registry.npmjs.org/htop
21 http 404 https://registry.npmjs.org/htop
22 silly registry.get cb [ 404,
22 silly registry.get   { 'content-type': 'application/json',
22 silly registry.get     'cache-control': 'max-age=0',
22 silly registry.get     'content-length': '2',
22 silly registry.get     'accept-ranges': 'bytes',
22 silly registry.get     date: 'Mon, 06 Mar 2017 18:01:48 GMT',
22 silly registry.get     via: '1.1 varnish',
22 silly registry.get     age: '0',
22 silly registry.get     connection: 'close',
22 silly registry.get     'x-served-by': 'cache-gru7127-GRU',
22 silly registry.get     'x-cache': 'MISS',
22 silly registry.get     'x-cache-hits': '0',
22 silly registry.get     'x-timer': 'S1488823307.305967,VS0,VE766',
22 silly registry.get     vary: 'Accept-Encoding' } ]
23 silly lockFile fdf67c2b-htop htop@
24 silly lockFile fdf67c2b-htop htop@
25 error 404 Not Found
25 error 404
25 error 404 'htop' is not in the npm registry.
25 error 404 You should bug the author to publish it
25 error 404
25 error 404 Note that you can also install from a
25 error 404 tarball, folder, or http url, or git url.
26 error System Windows_NT 6.1.7601
27 error command "C:\\Program Files\\nodejs\\node.exe" "C:\\ProgramData\\chocolatey\\lib\\npm\\tools\\node_modules\\npm\\bin\\npm-cli.js" "install" "htop"
28 error cwd D:\Desktop\Boris\javascripting\hanginthere
29 error node -v v7.5.0
30 error npm -v 1.4.9
31 error code E404
32 verbose exit [ 1, true ]
